{"numFailedTestSuites":2,"numFailedTests":0,"numPassedTestSuites":4,"numPassedTests":24,"numPendingTestSuites":0,"numPendingTests":0,"numRuntimeErrorTestSuites":2,"numTodoTests":0,"numTotalTestSuites":6,"numTotalTests":24,"openHandles":[],"snapshot":{"added":0,"didUpdate":false,"failure":false,"filesAdded":0,"filesRemoved":0,"filesRemovedList":[],"filesUnmatched":0,"filesUpdated":0,"matched":0,"total":0,"unchecked":0,"uncheckedKeysByFile":[],"unmatched":0,"updated":0},"startTime":1774261783508,"success":false,"testResults":[{"assertionResults":[],"coverage":{},"endTime":1774261786196,"message":"  ΓùÅ Test suite failed to run\n\n    Cannot find module '../src/gitlab' from 'tests/loopguard.test.ts'\n\n    \u001b[0m \u001b[90m 3 |\u001b[39m\n     \u001b[90m 4 |\u001b[39m \u001b[90m// Mock all external dependencies that app.ts imports\u001b[39m\n    \u001b[31m\u001b[1m>\u001b[22m\u001b[39m\u001b[90m 5 |\u001b[39m jest\u001b[33m.\u001b[39mmock(\u001b[32m'../src/gitlab'\u001b[39m\u001b[33m,\u001b[39m () \u001b[33m=>\u001b[39m ({\n     \u001b[90m   |\u001b[39m      \u001b[31m\u001b[1m^\u001b[22m\u001b[39m\n     \u001b[90m 6 |\u001b[39m     fetchMrChanges\u001b[33m:\u001b[39m jest\u001b[33m.\u001b[39mfn()\u001b[33m,\u001b[39m\n     \u001b[90m 7 |\u001b[39m     filterInfraFiles\u001b[33m:\u001b[39m jest\u001b[33m.\u001b[39mfn()\u001b[33m,\u001b[39m\n     \u001b[90m 8 |\u001b[39m     postMrComment\u001b[33m:\u001b[39m jest\u001b[33m.\u001b[39mfn()\u001b[33m,\u001b[39m\u001b[0m\n\n      at Resolver._throwModNotFoundError (node_modules/jest-resolve/build/index.js:863:11)\n      at Object.<anonymous> (tests/loopguard.test.ts:5:6)\n","name":"C:\\Users\\USER\\Desktop\\Documents\\Playground\\GreenOps_Auto-Tuner\\tests\\loopguard.test.ts","startTime":1774261786196,"status":"failed","summary":""},{"assertionResults":[],"coverage":{},"endTime":1774261786196,"message":"  ΓùÅ Test suite failed to run\n\n    Cannot find module '../src/gitlab' from 'tests/e2e.test.ts'\n\n    \u001b[0m \u001b[90m  5 |\u001b[39m \u001b[36mimport\u001b[39m { \u001b[33mAnalysisProposal\u001b[39m } \u001b[36mfrom\u001b[39m \u001b[32m'../src/types'\u001b[39m\u001b[33m;\u001b[39m\n     \u001b[90m  6 |\u001b[39m\n    \u001b[31m\u001b[1m>\u001b[22m\u001b[39m\u001b[90m  7 |\u001b[39m jest\u001b[33m.\u001b[39mmock(\u001b[32m'../src/gitlab'\u001b[39m)\u001b[33m;\u001b[39m\n     \u001b[90m    |\u001b[39m      \u001b[31m\u001b[1m^\u001b[22m\u001b[39m\n     \u001b[90m  8 |\u001b[39m jest\u001b[33m.\u001b[39mmock(\u001b[32m'../src/audit'\u001b[39m\u001b[33m,\u001b[39m () \u001b[33m=>\u001b[39m ({\n     \u001b[90m  9 |\u001b[39m   logAudit\u001b[33m:\u001b[39m jest\u001b[33m.\u001b[39mfn()\u001b[33m.\u001b[39mmockResolvedValue(undefined)\u001b[33m,\u001b[39m\n     \u001b[90m 10 |\u001b[39m   createPayloadHash\u001b[33m:\u001b[39m jest\u001b[33m.\u001b[39mfn()\u001b[33m.\u001b[39mmockReturnValue(\u001b[32m'mockhash'\u001b[39m)\u001b[0m\n\n      at Resolver._throwModNotFoundError (node_modules/jest-resolve/build/index.js:863:11)\n      at Object.<anonymous> (tests/e2e.test.ts:7:6)\n","name":"C:\\Users\\USER\\Desktop\\Documents\\Playground\\GreenOps_Auto-Tuner\\tests\\e2e.test.ts","startTime":1774261786196,"status":"failed","summary":""},{"assertionResults":[{"ancestorTitles":["Task G8: Audit Logging"],"duration":13,"failing":false,"failureDetails":[],"failureMessages":[],"fullName":"Task G8: Audit Logging should NOT write when ENABLE_AUDIT_LOG is not set","invocations":1,"location":null,"numPassingAsserts":1,"retryReasons":[],"startAt":1774261785179,"status":"passed","title":"should NOT write when ENABLE_AUDIT_LOG is not set"},{"ancestorTitles":["Task G8: Audit Logging"],"duration":2,"failing":false,"failureDetails":[],"failureMessages":[],"fullName":"Task G8: Audit Logging should NOT write when ENABLE_AUDIT_LOG is \"false\"","invocations":1,"location":null,"numPassingAsserts":1,"retryReasons":[],"startAt":1774261785193,"status":"passed","title":"should NOT write when ENABLE_AUDIT_LOG is \"false\""},{"ancestorTitles":["Task G8: Audit Logging"],"duration":18,"failing":false,"failureDetails":[],"failureMessages":[],"fullName":"Task G8: Audit Logging should write a JSON line when ENABLE_AUDIT_LOG is \"true\"","invocations":1,"location":null,"numPassingAsserts":4,"retryReasons":[],"startAt":1774261785195,"status":"passed","title":"should write a JSON line when ENABLE_AUDIT_LOG is \"true\""},{"ancestorTitles":["Task G8: Audit Logging"],"duration":4,"failing":false,"failureDetails":[],"failureMessages":[],"fullName":"Task G8: Audit Logging should not crash when file write fails","invocations":1,"location":null,"numPassingAsserts":1,"retryReasons":[],"startAt":1774261785213,"status":"passed","title":"should not crash when file write fails"},{"ancestorTitles":["createPayloadHash"],"duration":2,"failing":false,"failureDetails":[],"failureMessages":[],"fullName":"createPayloadHash should return a consistent SHA-256 hash","invocations":1,"location":null,"numPassingAsserts":2,"retryReasons":[],"startAt":1774261785218,"status":"passed","title":"should return a consistent SHA-256 hash"},{"ancestorTitles":["createPayloadHash"],"duration":1,"failing":false,"failureDetails":[],"failureMessages":[],"fullName":"createPayloadHash should return different hashes for different payloads","invocations":1,"location":null,"numPassingAsserts":1,"retryReasons":[],"startAt":1774261785221,"status":"passed","title":"should return different hashes for different payloads"}],"endTime":1774261785224,"message":"","name":"C:\\Users\\USER\\Desktop\\Documents\\Playground\\GreenOps_Auto-Tuner\\tests\\audit.test.ts","startTime":1774261784433,"status":"passed","summary":""},{"assertionResults":[{"ancestorTitles":["Task G7: Apply Mode"],"duration":21,"failing":false,"failureDetails":[],"failureMessages":[],"fullName":"Task G7: Apply Mode should throw error if GITLAB_API_TOKEN is missing","invocations":1,"location":null,"numPassingAsserts":1,"retryReasons":[],"startAt":1774261785279,"status":"passed","title":"should throw error if GITLAB_API_TOKEN is missing"},{"ancestorTitles":["Task G7: Apply Mode"],"duration":18,"failing":false,"failureDetails":[],"failureMessages":[],"fullName":"Task G7: Apply Mode should commit an optimized file via the GitLab Commits API","invocations":1,"location":null,"numPassingAsserts":1,"retryReasons":[],"startAt":1774261785301,"status":"passed","title":"should commit an optimized file via the GitLab Commits API"},{"ancestorTitles":["Task G7: Apply Mode"],"duration":3,"failing":false,"failureDetails":[],"failureMessages":[],"fullName":"Task G7: Apply Mode should propagate errors from the GitLab API","invocations":1,"location":null,"numPassingAsserts":1,"retryReasons":[],"startAt":1774261785320,"status":"passed","title":"should propagate errors from the GitLab API"},{"ancestorTitles":["Task G7: Apply Mode"],"duration":1,"failing":false,"failureDetails":[],"failureMessages":[],"fullName":"Task G7: Apply Mode should throw error if confidence is below 0.8","invocations":1,"location":null,"numPassingAsserts":1,"retryReasons":[],"startAt":1774261785323,"status":"passed","title":"should throw error if confidence is below 0.8"},{"ancestorTitles":["Task G7: Apply Mode"],"duration":1,"failing":false,"failureDetails":[],"failureMessages":[],"fullName":"Task G7: Apply Mode should throw error if APPLY_MODE is false","invocations":1,"location":null,"numPassingAsserts":1,"retryReasons":[],"startAt":1774261785325,"status":"passed","title":"should throw error if APPLY_MODE is false"}],"endTime":1774261785329,"message":"","name":"C:\\Users\\USER\\Desktop\\Documents\\Playground\\GreenOps_Auto-Tuner\\tests\\apply.test.ts","startTime":1774261784402,"status":"passed","summary":""},{"assertionResults":[{"ancestorTitles":["Analyzer Hardening and Guards","JSON Validation (G9)"],"duration":17,"failing":false,"failureDetails":[],"failureMessages":[],"fullName":"Analyzer Hardening and Guards JSON Validation (G9) should pass valid proposal schema","invocations":1,"location":null,"numPassingAsserts":1,"retryReasons":[],"startAt":1774261785412,"status":"passed","title":"should pass valid proposal schema"},{"ancestorTitles":["Analyzer Hardening and Guards","JSON Validation (G9)"],"duration":36,"failing":false,"failureDetails":[],"failureMessages":[],"fullName":"Analyzer Hardening and Guards JSON Validation (G9) should reject non-array payload","invocations":1,"location":null,"numPassingAsserts":1,"retryReasons":[],"startAt":1774261785431,"status":"passed","title":"should reject non-array payload"},{"ancestorTitles":["Analyzer Hardening and Guards","JSON Validation (G9)"],"duration":4,"failing":false,"failureDetails":[],"failureMessages":[],"fullName":"Analyzer Hardening and Guards JSON Validation (G9) should reject missing required fields","invocations":1,"location":null,"numPassingAsserts":1,"retryReasons":[],"startAt":1774261785468,"status":"passed","title":"should reject missing required fields"},{"ancestorTitles":["Analyzer Hardening and Guards","JSON Validation (G9)"],"duration":3,"failing":false,"failureDetails":[],"failureMessages":[],"fullName":"Analyzer Hardening and Guards JSON Validation (G9) should strip markdown fences and parse json","invocations":1,"location":null,"numPassingAsserts":2,"retryReasons":[],"startAt":1774261785472,"status":"passed","title":"should strip markdown fences and parse json"},{"ancestorTitles":["Analyzer Hardening and Guards","JSON Validation (G9)"],"duration":2,"failing":false,"failureDetails":[],"failureMessages":[],"fullName":"Analyzer Hardening and Guards JSON Validation (G9) should throw on parse error","invocations":1,"location":null,"numPassingAsserts":1,"retryReasons":[],"startAt":1774261785476,"status":"passed","title":"should throw on parse error"},{"ancestorTitles":["Analyzer Hardening and Guards","Diff and File Guards (G11)"],"duration":18,"failing":false,"failureDetails":[],"failureMessages":[],"fullName":"Analyzer Hardening and Guards Diff and File Guards (G11) should truncate files exceeding MAX_INFRA_FILES","invocations":1,"location":null,"numPassingAsserts":2,"retryReasons":[],"startAt":1774261785479,"status":"passed","title":"should truncate files exceeding MAX_INFRA_FILES"},{"ancestorTitles":["Analyzer Hardening and Guards","Diff and File Guards (G11)"],"duration":2,"failing":false,"failureDetails":[],"failureMessages":[],"fullName":"Analyzer Hardening and Guards Diff and File Guards (G11) should truncate diffs exceeding MAX_DIFF_LENGTH","invocations":1,"location":null,"numPassingAsserts":3,"retryReasons":[],"startAt":1774261785497,"status":"passed","title":"should truncate diffs exceeding MAX_DIFF_LENGTH"},{"ancestorTitles":["Analyzer Hardening and Guards","Diff and File Guards (G11)"],"duration":2,"failing":false,"failureDetails":[],"failureMessages":[],"fullName":"Analyzer Hardening and Guards Diff and File Guards (G11) should not alter files within limits","invocations":1,"location":null,"numPassingAsserts":2,"retryReasons":[],"startAt":1774261785499,"status":"passed","title":"should not alter files within limits"}],"endTime":1774261785503,"message":"","name":"C:\\Users\\USER\\Desktop\\Documents\\Playground\\GreenOps_Auto-Tuner\\tests\\analyzer.test.ts","startTime":1774261784414,"status":"passed","summary":""},{"assertionResults":[{"ancestorTitles":["MCP Express Application Tests"],"duration":39,"failing":false,"failureDetails":[],"failureMessages":[],"fullName":"MCP Express Application Tests GET /health returns OK","invocations":1,"location":null,"numPassingAsserts":2,"retryReasons":[],"startAt":1774261786054,"status":"passed","title":"GET /health returns OK"},{"ancestorTitles":["MCP Express Application Tests"],"duration":8,"failing":false,"failureDetails":[],"failureMessages":[],"fullName":"MCP Express Application Tests GET /sse missing sessionId -> 400","invocations":1,"location":null,"numPassingAsserts":1,"retryReasons":[],"startAt":1774261786094,"status":"passed","title":"GET /sse missing sessionId -> 400"},{"ancestorTitles":["MCP Express Application Tests"],"duration":7,"failing":false,"failureDetails":[],"failureMessages":[],"fullName":"MCP Express Application Tests GET /sse missing auth -> 401","invocations":1,"location":null,"numPassingAsserts":1,"retryReasons":[],"startAt":1774261786102,"status":"passed","title":"GET /sse missing auth -> 401"},{"ancestorTitles":["MCP Express Application Tests"],"duration":26,"failing":false,"failureDetails":[],"failureMessages":[],"fullName":"MCP Express Application Tests POST /message missing auth -> 401","invocations":1,"location":null,"numPassingAsserts":1,"retryReasons":[],"startAt":1774261786109,"status":"passed","title":"POST /message missing auth -> 401"},{"ancestorTitles":["MCP Express Application Tests"],"duration":9,"failing":false,"failureDetails":[],"failureMessages":[],"fullName":"MCP Express Application Tests POST /message targeting unknown session -> 404","invocations":1,"location":null,"numPassingAsserts":1,"retryReasons":[],"startAt":1774261786135,"status":"passed","title":"POST /message targeting unknown session -> 404"}],"endTime":1774261786146,"message":"","name":"C:\\Users\\USER\\Desktop\\Documents\\Playground\\GreenOps_Auto-Tuner\\tests\\app.test.ts","startTime":1774261784421,"status":"passed","summary":""}],"wasInterrupted":false}
